
 ==============================================
[11 / 03 / 2015 15:26:39]
object(SimpleXMLElement)#3 (1) {
  ["QBXMLMsgsRq"]=>
  object(SimpleXMLElement)#4 (2) {
    ["@attributes"]=>
    array(1) {
      ["onError"]=>
      string(11) "stopOnError"
    }
    ["InvoiceAddRq"]=>
    object(SimpleXMLElement)#5 (1) {
      [0]=>
      string(1) "
"
    }
  }
}


 ==============================================
[11 / 03 / 2015 15:27:09]
object(SimpleXMLElement)#3 (1) {
  ["QBXMLMsgsRq"]=>
  object(SimpleXMLElement)#4 (2) {
    ["@attributes"]=>
    array(1) {
      ["onError"]=>
      string(11) "stopOnError"
    }
    ["InvoiceAddRq"]=>
    object(SimpleXMLElement)#5 (1) {
      [0]=>
      string(1) "
"
    }
  }
}


 ==============================================
[11 / 03 / 2015 15:27:09]
object(SimpleXMLElement)#3 (1) {
  ["QBXMLMsgsRq"]=>
  object(SimpleXMLElement)#4 (2) {
    ["@attributes"]=>
    array(1) {
      ["onError"]=>
      string(11) "stopOnError"
    }
    ["InvoiceAddRq"]=>
    object(SimpleXMLElement)#5 (1) {
      [0]=>
      string(1) "
"
    }
  }
}


 ==============================================
[11 / 03 / 2015 15:27:11]
object(SimpleXMLElement)#3 (1) {
  ["QBXMLMsgsRq"]=>
  object(SimpleXMLElement)#4 (2) {
    ["@attributes"]=>
    array(1) {
      ["onError"]=>
      string(11) "stopOnError"
    }
    ["InvoiceAddRq"]=>
    object(SimpleXMLElement)#5 (1) {
      [0]=>
      string(1) "
"
    }
  }
}


 ==============================================
[11 / 03 / 2015 15:27:12]
object(SimpleXMLElement)#3 (1) {
  ["QBXMLMsgsRq"]=>
  object(SimpleXMLElement)#4 (2) {
    ["@attributes"]=>
    array(1) {
      ["onError"]=>
      string(11) "stopOnError"
    }
    ["InvoiceAddRq"]=>
    object(SimpleXMLElement)#5 (1) {
      [0]=>
      string(1) "
"
    }
  }
}


 ==============================================
[11 / 03 / 2015 15:29:14]
object(SimpleXMLElement)#3 (1) {
  ["QBXMLMsgsRq"]=>
  object(SimpleXMLElement)#4 (2) {
    ["@attributes"]=>
    array(1) {
      ["onError"]=>
      string(11) "stopOnError"
    }
    ["InvoiceAddRq"]=>
    object(SimpleXMLElement)#5 (1) {
      [0]=>
      string(1) "
"
    }
  }
}


 ==============================================
[11 / 03 / 2015 15:29:14]
object(SimpleXMLElement)#3 (1) {
  ["QBXMLMsgsRq"]=>
  object(SimpleXMLElement)#4 (2) {
    ["@attributes"]=>
    array(1) {
      ["onError"]=>
      string(11) "stopOnError"
    }
    ["InvoiceAddRq"]=>
    object(SimpleXMLElement)#5 (1) {
      [0]=>
      string(1) "
"
    }
  }
}


 ==============================================
[11 / 03 / 2015 15:29:16]
object(SimpleXMLElement)#3 (1) {
  ["QBXMLMsgsRq"]=>
  object(SimpleXMLElement)#4 (2) {
    ["@attributes"]=>
    array(1) {
      ["onError"]=>
      string(11) "stopOnError"
    }
    ["InvoiceAddRq"]=>
    object(SimpleXMLElement)#5 (1) {
      [0]=>
      string(1) "
"
    }
  }
}


 ==============================================
[11 / 03 / 2015 15:29:16]
object(SimpleXMLElement)#3 (1) {
  ["QBXMLMsgsRq"]=>
  object(SimpleXMLElement)#4 (2) {
    ["@attributes"]=>
    array(1) {
      ["onError"]=>
      string(11) "stopOnError"
    }
    ["InvoiceAddRq"]=>
    object(SimpleXMLElement)#5 (1) {
      [0]=>
      string(1) "
"
    }
  }
}


 ==============================================
[11 / 03 / 2015 15:29:18]
object(SimpleXMLElement)#3 (1) {
  ["QBXMLMsgsRq"]=>
  object(SimpleXMLElement)#4 (2) {
    ["@attributes"]=>
    array(1) {
      ["onError"]=>
      string(11) "stopOnError"
    }
    ["InvoiceAddRq"]=>
    object(SimpleXMLElement)#5 (1) {
      [0]=>
      string(1) "
"
    }
  }
}


 ==============================================
[11 / 03 / 2015 15:29:19]
object(SimpleXMLElement)#3 (1) {
  ["QBXMLMsgsRq"]=>
  object(SimpleXMLElement)#4 (2) {
    ["@attributes"]=>
    array(1) {
      ["onError"]=>
      string(11) "stopOnError"
    }
    ["InvoiceAddRq"]=>
    object(SimpleXMLElement)#5 (1) {
      [0]=>
      string(1) "
"
    }
  }
}


 ==============================================
[11 / 03 / 2015 15:29:19]
object(SimpleXMLElement)#3 (1) {
  ["QBXMLMsgsRq"]=>
  object(SimpleXMLElement)#4 (2) {
    ["@attributes"]=>
    array(1) {
      ["onError"]=>
      string(11) "stopOnError"
    }
    ["InvoiceAddRq"]=>
    object(SimpleXMLElement)#5 (1) {
      [0]=>
      string(1) "
"
    }
  }
}


 ==============================================
[11 / 03 / 2015 15:29:21]
object(SimpleXMLElement)#3 (1) {
  ["QBXMLMsgsRq"]=>
  object(SimpleXMLElement)#4 (2) {
    ["@attributes"]=>
    array(1) {
      ["onError"]=>
      string(11) "stopOnError"
    }
    ["InvoiceAddRq"]=>
    object(SimpleXMLElement)#5 (1) {
      [0]=>
      string(1) "
"
    }
  }
}


 ==============================================
[11 / 03 / 2015 15:29:59]
object(SimpleXMLElement)#3 (1) {
  ["QBXMLMsgsRq"]=>
  object(SimpleXMLElement)#4 (2) {
    ["@attributes"]=>
    array(1) {
      ["onError"]=>
      string(11) "stopOnError"
    }
    ["InvoiceAddRq"]=>
    object(SimpleXMLElement)#5 (1) {
      [0]=>
      string(1) "
"
    }
  }
}


 ==============================================
[11 / 03 / 2015 15:29:59]
object(SimpleXMLElement)#3 (1) {
  ["QBXMLMsgsRq"]=>
  object(SimpleXMLElement)#4 (2) {
    ["@attributes"]=>
    array(1) {
      ["onError"]=>
      string(11) "stopOnError"
    }
    ["InvoiceAddRq"]=>
    object(SimpleXMLElement)#5 (1) {
      [0]=>
      string(1) "
"
    }
  }
}


 ==============================================
[11 / 03 / 2015 15:29:59]
object(SimpleXMLElement)#3 (1) {
  ["QBXMLMsgsRq"]=>
  object(SimpleXMLElement)#4 (2) {
    ["@attributes"]=>
    array(1) {
      ["onError"]=>
      string(11) "stopOnError"
    }
    ["InvoiceAddRq"]=>
    object(SimpleXMLElement)#5 (1) {
      [0]=>
      string(1) "
"
    }
  }
}


 ==============================================
[11 / 03 / 2015 15:30:01]
object(SimpleXMLElement)#3 (1) {
  ["QBXMLMsgsRq"]=>
  object(SimpleXMLElement)#4 (2) {
    ["@attributes"]=>
    array(1) {
      ["onError"]=>
      string(11) "stopOnError"
    }
    ["InvoiceAddRq"]=>
    object(SimpleXMLElement)#5 (1) {
      [0]=>
      string(1) "
"
    }
  }
}


 ==============================================
[11 / 03 / 2015 15:30:01]
object(SimpleXMLElement)#3 (1) {
  ["QBXMLMsgsRq"]=>
  object(SimpleXMLElement)#4 (2) {
    ["@attributes"]=>
    array(1) {
      ["onError"]=>
      string(11) "stopOnError"
    }
    ["InvoiceAddRq"]=>
    object(SimpleXMLElement)#5 (1) {
      [0]=>
      string(1) "
"
    }
  }
}


 ==============================================
[11 / 03 / 2015 15:30:02]
object(SimpleXMLElement)#3 (1) {
  ["QBXMLMsgsRq"]=>
  object(SimpleXMLElement)#4 (2) {
    ["@attributes"]=>
    array(1) {
      ["onError"]=>
      string(11) "stopOnError"
    }
    ["InvoiceAddRq"]=>
    object(SimpleXMLElement)#5 (1) {
      [0]=>
      string(1) "
"
    }
  }
}


 ==============================================
[11 / 03 / 2015 15:31:24]
object(SimpleXMLElement)#3 (1) {
  ["QBXMLMsgsRq"]=>
  object(SimpleXMLElement)#4 (2) {
    ["@attributes"]=>
    array(1) {
      ["onError"]=>
      string(11) "stopOnError"
    }
    ["InvoiceAddRq"]=>
    object(SimpleXMLElement)#5 (1) {
      [0]=>
      string(1) "
"
    }
  }
}


 ==============================================
[11 / 03 / 2015 15:31:24]
object(SimpleXMLElement)#3 (1) {
  ["QBXMLMsgsRq"]=>
  object(SimpleXMLElement)#4 (2) {
    ["@attributes"]=>
    array(1) {
      ["onError"]=>
      string(11) "stopOnError"
    }
    ["InvoiceAddRq"]=>
    object(SimpleXMLElement)#5 (1) {
      [0]=>
      string(1) "
"
    }
  }
}


 ==============================================
[11 / 03 / 2015 15:31:26]
object(SimpleXMLElement)#3 (1) {
  ["QBXMLMsgsRq"]=>
  object(SimpleXMLElement)#4 (2) {
    ["@attributes"]=>
    array(1) {
      ["onError"]=>
      string(11) "stopOnError"
    }
    ["InvoiceAddRq"]=>
    object(SimpleXMLElement)#5 (1) {
      [0]=>
      string(1) "
"
    }
  }
}


 ==============================================
[11 / 03 / 2015 15:31:26]
object(SimpleXMLElement)#3 (1) {
  ["QBXMLMsgsRq"]=>
  object(SimpleXMLElement)#4 (2) {
    ["@attributes"]=>
    array(1) {
      ["onError"]=>
      string(11) "stopOnError"
    }
    ["InvoiceAddRq"]=>
    object(SimpleXMLElement)#5 (1) {
      [0]=>
      string(1) "
"
    }
  }
}


 ==============================================
[11 / 03 / 2015 15:31:27]
object(SimpleXMLElement)#3 (1) {
  ["QBXMLMsgsRq"]=>
  object(SimpleXMLElement)#4 (2) {
    ["@attributes"]=>
    array(1) {
      ["onError"]=>
      string(11) "stopOnError"
    }
    ["InvoiceAddRq"]=>
    object(SimpleXMLElement)#5 (1) {
      [0]=>
      string(1) "
"
    }
  }
}


 ==============================================
[11 / 03 / 2015 15:32:07]
object(SimpleXMLElement)#3 (1) {
  ["QBXMLMsgsRq"]=>
  object(SimpleXMLElement)#4 (2) {
    ["@attributes"]=>
    array(1) {
      ["onError"]=>
      string(11) "stopOnError"
    }
    ["InvoiceAddRq"]=>
    object(SimpleXMLElement)#5 (1) {
      [0]=>
      string(1) "
"
    }
  }
}


 ==============================================
[11 / 03 / 2015 15:32:07]
object(SimpleXMLElement)#3 (1) {
  ["QBXMLMsgsRq"]=>
  object(SimpleXMLElement)#4 (2) {
    ["@attributes"]=>
    array(1) {
      ["onError"]=>
      string(11) "stopOnError"
    }
    ["InvoiceAddRq"]=>
    object(SimpleXMLElement)#5 (1) {
      [0]=>
      string(1) "
"
    }
  }
}


 ==============================================
[11 / 03 / 2015 15:32:07]
object(SimpleXMLElement)#3 (1) {
  ["QBXMLMsgsRq"]=>
  object(SimpleXMLElement)#4 (2) {
    ["@attributes"]=>
    array(1) {
      ["onError"]=>
      string(11) "stopOnError"
    }
    ["InvoiceAddRq"]=>
    object(SimpleXMLElement)#5 (1) {
      [0]=>
      string(1) "
"
    }
  }
}


 ==============================================
[11 / 03 / 2015 15:32:09]
object(SimpleXMLElement)#3 (1) {
  ["QBXMLMsgsRq"]=>
  object(SimpleXMLElement)#4 (2) {
    ["@attributes"]=>
    array(1) {
      ["onError"]=>
      string(11) "stopOnError"
    }
    ["InvoiceAddRq"]=>
    object(SimpleXMLElement)#5 (1) {
      [0]=>
      string(1) "
"
    }
  }
}


 ==============================================
[11 / 03 / 2015 15:32:09]
object(SimpleXMLElement)#3 (1) {
  ["QBXMLMsgsRq"]=>
  object(SimpleXMLElement)#4 (2) {
    ["@attributes"]=>
    array(1) {
      ["onError"]=>
      string(11) "stopOnError"
    }
    ["InvoiceAddRq"]=>
    object(SimpleXMLElement)#5 (1) {
      [0]=>
      string(1) "
"
    }
  }
}


 ==============================================
[11 / 03 / 2015 15:32:09]
object(SimpleXMLElement)#3 (1) {
  ["QBXMLMsgsRq"]=>
  object(SimpleXMLElement)#4 (2) {
    ["@attributes"]=>
    array(1) {
      ["onError"]=>
      string(11) "stopOnError"
    }
    ["InvoiceAddRq"]=>
    object(SimpleXMLElement)#5 (1) {
      [0]=>
      string(1) "
"
    }
  }
}


 ==============================================
[11 / 03 / 2015 15:32:54]
object(SimpleXMLElement)#3 (1) {
  ["QBXMLMsgsRq"]=>
  object(SimpleXMLElement)#4 (2) {
    ["@attributes"]=>
    array(1) {
      ["onError"]=>
      string(11) "stopOnError"
    }
    ["InvoiceAddRq"]=>
    object(SimpleXMLElement)#5 (1) {
      [0]=>
      string(1) "
"
    }
  }
}


 ==============================================
[11 / 03 / 2015 15:32:54]
object(SimpleXMLElement)#3 (1) {
  ["QBXMLMsgsRq"]=>
  object(SimpleXMLElement)#4 (2) {
    ["@attributes"]=>
    array(1) {
      ["onError"]=>
      string(11) "stopOnError"
    }
    ["InvoiceAddRq"]=>
    object(SimpleXMLElement)#5 (1) {
      [0]=>
      string(1) "
"
    }
  }
}


 ==============================================
[11 / 03 / 2015 15:32:54]
object(SimpleXMLElement)#3 (1) {
  ["QBXMLMsgsRq"]=>
  object(SimpleXMLElement)#4 (2) {
    ["@attributes"]=>
    array(1) {
      ["onError"]=>
      string(11) "stopOnError"
    }
    ["InvoiceAddRq"]=>
    object(SimpleXMLElement)#5 (1) {
      [0]=>
      string(1) "
"
    }
  }
}


 ==============================================
[11 / 03 / 2015 15:32:56]
object(SimpleXMLElement)#3 (1) {
  ["QBXMLMsgsRq"]=>
  object(SimpleXMLElement)#4 (2) {
    ["@attributes"]=>
    array(1) {
      ["onError"]=>
      string(11) "stopOnError"
    }
    ["InvoiceAddRq"]=>
    object(SimpleXMLElement)#5 (1) {
      [0]=>
      string(1) "
"
    }
  }
}


 ==============================================
[11 / 03 / 2015 15:32:56]
object(SimpleXMLElement)#3 (1) {
  ["QBXMLMsgsRq"]=>
  object(SimpleXMLElement)#4 (2) {
    ["@attributes"]=>
    array(1) {
      ["onError"]=>
      string(11) "stopOnError"
    }
    ["InvoiceAddRq"]=>
    object(SimpleXMLElement)#5 (1) {
      [0]=>
      string(1) "
"
    }
  }
}


 ==============================================
[11 / 03 / 2015 15:32:57]
object(SimpleXMLElement)#3 (1) {
  ["QBXMLMsgsRq"]=>
  object(SimpleXMLElement)#4 (2) {
    ["@attributes"]=>
    array(1) {
      ["onError"]=>
      string(11) "stopOnError"
    }
    ["InvoiceAddRq"]=>
    object(SimpleXMLElement)#5 (1) {
      [0]=>
      string(1) "
"
    }
  }
}


 ==============================================
[11 / 03 / 2015 15:34:03]
object(SimpleXMLElement)#3 (1) {
  ["QBXMLMsgsRq"]=>
  object(SimpleXMLElement)#4 (2) {
    ["@attributes"]=>
    array(1) {
      ["onError"]=>
      string(11) "stopOnError"
    }
    ["InvoiceAddRq"]=>
    object(SimpleXMLElement)#5 (1) {
      [0]=>
      string(1) "
"
    }
  }
}


 ==============================================
[11 / 03 / 2015 15:34:03]
object(SimpleXMLElement)#3 (1) {
  ["QBXMLMsgsRq"]=>
  object(SimpleXMLElement)#4 (2) {
    ["@attributes"]=>
    array(1) {
      ["onError"]=>
      string(11) "stopOnError"
    }
    ["InvoiceAddRq"]=>
    object(SimpleXMLElement)#5 (1) {
      [0]=>
      string(1) "
"
    }
  }
}


 ==============================================
[11 / 03 / 2015 15:34:03]
object(SimpleXMLElement)#3 (1) {
  ["QBXMLMsgsRq"]=>
  object(SimpleXMLElement)#4 (2) {
    ["@attributes"]=>
    array(1) {
      ["onError"]=>
      string(11) "stopOnError"
    }
    ["InvoiceAddRq"]=>
    object(SimpleXMLElement)#5 (1) {
      [0]=>
      string(1) "
"
    }
  }
}


 ==============================================
[11 / 03 / 2015 15:34:04]
object(SimpleXMLElement)#3 (1) {
  ["QBXMLMsgsRq"]=>
  object(SimpleXMLElement)#4 (2) {
    ["@attributes"]=>
    array(1) {
      ["onError"]=>
      string(11) "stopOnError"
    }
    ["InvoiceAddRq"]=>
    object(SimpleXMLElement)#5 (1) {
      [0]=>
      string(1) "
"
    }
  }
}


 ==============================================
[11 / 03 / 2015 15:34:05]
object(SimpleXMLElement)#3 (1) {
  ["QBXMLMsgsRq"]=>
  object(SimpleXMLElement)#4 (2) {
    ["@attributes"]=>
    array(1) {
      ["onError"]=>
      string(11) "stopOnError"
    }
    ["InvoiceAddRq"]=>
    object(SimpleXMLElement)#5 (1) {
      [0]=>
      string(1) "
"
    }
  }
}


 ==============================================
[11 / 03 / 2015 15:34:05]
object(SimpleXMLElement)#3 (1) {
  ["QBXMLMsgsRq"]=>
  object(SimpleXMLElement)#4 (2) {
    ["@attributes"]=>
    array(1) {
      ["onError"]=>
      string(11) "stopOnError"
    }
    ["InvoiceAddRq"]=>
    object(SimpleXMLElement)#5 (1) {
      [0]=>
      string(1) "
"
    }
  }
}


 ==============================================
[11 / 03 / 2015 15:37:43]
object(SimpleXMLElement)#3 (1) {
  ["QBXMLMsgsRq"]=>
  object(SimpleXMLElement)#4 (2) {
    ["@attributes"]=>
    array(1) {
      ["onError"]=>
      string(11) "stopOnError"
    }
    ["InvoiceAddRq"]=>
    object(SimpleXMLElement)#5 (1) {
      [0]=>
      string(1) "
"
    }
  }
}


 ==============================================
[11 / 03 / 2015 15:37:43]
object(SimpleXMLElement)#3 (1) {
  ["QBXMLMsgsRq"]=>
  object(SimpleXMLElement)#4 (2) {
    ["@attributes"]=>
    array(1) {
      ["onError"]=>
      string(11) "stopOnError"
    }
    ["InvoiceAddRq"]=>
    object(SimpleXMLElement)#5 (1) {
      [0]=>
      string(1) "
"
    }
  }
}


 ==============================================
[11 / 03 / 2015 15:37:43]
object(SimpleXMLElement)#3 (1) {
  ["QBXMLMsgsRq"]=>
  object(SimpleXMLElement)#4 (2) {
    ["@attributes"]=>
    array(1) {
      ["onError"]=>
      string(11) "stopOnError"
    }
    ["InvoiceAddRq"]=>
    object(SimpleXMLElement)#5 (1) {
      [0]=>
      string(1) "
"
    }
  }
}


 ==============================================
[11 / 03 / 2015 15:37:45]
object(SimpleXMLElement)#3 (1) {
  ["QBXMLMsgsRq"]=>
  object(SimpleXMLElement)#4 (2) {
    ["@attributes"]=>
    array(1) {
      ["onError"]=>
      string(11) "stopOnError"
    }
    ["InvoiceAddRq"]=>
    object(SimpleXMLElement)#5 (1) {
      [0]=>
      string(1) "
"
    }
  }
}


 ==============================================
[11 / 03 / 2015 15:37:45]
object(SimpleXMLElement)#3 (1) {
  ["QBXMLMsgsRq"]=>
  object(SimpleXMLElement)#4 (2) {
    ["@attributes"]=>
    array(1) {
      ["onError"]=>
      string(11) "stopOnError"
    }
    ["InvoiceAddRq"]=>
    object(SimpleXMLElement)#5 (1) {
      [0]=>
      string(1) "
"
    }
  }
}


 ==============================================
[11 / 03 / 2015 15:37:45]
object(SimpleXMLElement)#3 (1) {
  ["QBXMLMsgsRq"]=>
  object(SimpleXMLElement)#4 (2) {
    ["@attributes"]=>
    array(1) {
      ["onError"]=>
      string(11) "stopOnError"
    }
    ["InvoiceAddRq"]=>
    object(SimpleXMLElement)#5 (1) {
      [0]=>
      string(1) "
"
    }
  }
}


 ==============================================
[11 / 03 / 2015 15:58:46]
object(SimpleXMLElement)#3 (1) {
  ["QBXMLMsgsRq"]=>
  object(SimpleXMLElement)#4 (2) {
    ["@attributes"]=>
    array(1) {
      ["onError"]=>
      string(11) "stopOnError"
    }
    ["InvoiceAddRq"]=>
    object(SimpleXMLElement)#5 (1) {
      [0]=>
      string(1) "
"
    }
  }
}


 ==============================================
[11 / 03 / 2015 15:58:46]
object(SimpleXMLElement)#3 (1) {
  ["QBXMLMsgsRq"]=>
  object(SimpleXMLElement)#4 (2) {
    ["@attributes"]=>
    array(1) {
      ["onError"]=>
      string(11) "stopOnError"
    }
    ["InvoiceAddRq"]=>
    object(SimpleXMLElement)#5 (1) {
      [0]=>
      string(1) "
"
    }
  }
}


 ==============================================
[11 / 03 / 2015 15:58:46]
object(SimpleXMLElement)#3 (1) {
  ["QBXMLMsgsRq"]=>
  object(SimpleXMLElement)#4 (2) {
    ["@attributes"]=>
    array(1) {
      ["onError"]=>
      string(11) "stopOnError"
    }
    ["InvoiceAddRq"]=>
    object(SimpleXMLElement)#5 (1) {
      [0]=>
      string(1) "
"
    }
  }
}


 ==============================================
[11 / 03 / 2015 15:58:48]
object(SimpleXMLElement)#3 (1) {
  ["QBXMLMsgsRq"]=>
  object(SimpleXMLElement)#4 (2) {
    ["@attributes"]=>
    array(1) {
      ["onError"]=>
      string(11) "stopOnError"
    }
    ["InvoiceAddRq"]=>
    object(SimpleXMLElement)#5 (1) {
      [0]=>
      string(1) "
"
    }
  }
}


 ==============================================
[11 / 03 / 2015 15:58:48]
object(SimpleXMLElement)#3 (1) {
  ["QBXMLMsgsRq"]=>
  object(SimpleXMLElement)#4 (2) {
    ["@attributes"]=>
    array(1) {
      ["onError"]=>
      string(11) "stopOnError"
    }
    ["InvoiceAddRq"]=>
    object(SimpleXMLElement)#5 (1) {
      [0]=>
      string(1) "
"
    }
  }
}


 ==============================================
[11 / 03 / 2015 15:58:49]
object(SimpleXMLElement)#3 (1) {
  ["QBXMLMsgsRq"]=>
  object(SimpleXMLElement)#4 (2) {
    ["@attributes"]=>
    array(1) {
      ["onError"]=>
      string(11) "stopOnError"
    }
    ["InvoiceAddRq"]=>
    object(SimpleXMLElement)#5 (1) {
      [0]=>
      string(1) "
"
    }
  }
}


 ==============================================
[11 / 03 / 2015 16:36:39]
object(SimpleXMLElement)#3 (1) {
  ["QBXMLMsgsRq"]=>
  object(SimpleXMLElement)#4 (2) {
    ["@attributes"]=>
    array(1) {
      ["onError"]=>
      string(11) "stopOnError"
    }
    ["InvoiceAddRq"]=>
    object(SimpleXMLElement)#5 (1) {
      [0]=>
      string(1) "
"
    }
  }
}


 ==============================================
[11 / 03 / 2015 16:36:39]
object(SimpleXMLElement)#3 (1) {
  ["QBXMLMsgsRq"]=>
  object(SimpleXMLElement)#4 (2) {
    ["@attributes"]=>
    array(1) {
      ["onError"]=>
      string(11) "stopOnError"
    }
    ["InvoiceAddRq"]=>
    object(SimpleXMLElement)#5 (1) {
      [0]=>
      string(1) "
"
    }
  }
}


 ==============================================
[11 / 03 / 2015 16:36:39]
object(SimpleXMLElement)#3 (1) {
  ["QBXMLMsgsRq"]=>
  object(SimpleXMLElement)#4 (2) {
    ["@attributes"]=>
    array(1) {
      ["onError"]=>
      string(11) "stopOnError"
    }
    ["InvoiceAddRq"]=>
    object(SimpleXMLElement)#5 (1) {
      [0]=>
      string(1) "
"
    }
  }
}


 ==============================================
[11 / 03 / 2015 16:36:41]
object(SimpleXMLElement)#3 (1) {
  ["QBXMLMsgsRq"]=>
  object(SimpleXMLElement)#4 (2) {
    ["@attributes"]=>
    array(1) {
      ["onError"]=>
      string(11) "stopOnError"
    }
    ["InvoiceAddRq"]=>
    object(SimpleXMLElement)#5 (1) {
      [0]=>
      string(1) "
"
    }
  }
}


 ==============================================
[11 / 03 / 2015 16:36:42]
object(SimpleXMLElement)#3 (1) {
  ["QBXMLMsgsRq"]=>
  object(SimpleXMLElement)#4 (2) {
    ["@attributes"]=>
    array(1) {
      ["onError"]=>
      string(11) "stopOnError"
    }
    ["InvoiceAddRq"]=>
    object(SimpleXMLElement)#5 (1) {
      [0]=>
      string(1) "
"
    }
  }
}


 ==============================================
[11 / 03 / 2015 16:36:42]
object(SimpleXMLElement)#3 (1) {
  ["QBXMLMsgsRq"]=>
  object(SimpleXMLElement)#4 (2) {
    ["@attributes"]=>
    array(1) {
      ["onError"]=>
      string(11) "stopOnError"
    }
    ["InvoiceAddRq"]=>
    object(SimpleXMLElement)#5 (1) {
      [0]=>
      string(1) "
"
    }
  }
}


 ==============================================
[11 / 03 / 2015 16:38:35]
object(SimpleXMLElement)#3 (1) {
  ["QBXMLMsgsRq"]=>
  object(SimpleXMLElement)#4 (2) {
    ["@attributes"]=>
    array(1) {
      ["onError"]=>
      string(11) "stopOnError"
    }
    ["InvoiceAddRq"]=>
    object(SimpleXMLElement)#5 (1) {
      [0]=>
      string(1) "
"
    }
  }
}


 ==============================================
[11 / 03 / 2015 16:38:35]
object(SimpleXMLElement)#3 (1) {
  ["QBXMLMsgsRq"]=>
  object(SimpleXMLElement)#4 (2) {
    ["@attributes"]=>
    array(1) {
      ["onError"]=>
      string(11) "stopOnError"
    }
    ["InvoiceAddRq"]=>
    object(SimpleXMLElement)#5 (1) {
      [0]=>
      string(1) "
"
    }
  }
}


 ==============================================
[11 / 03 / 2015 16:38:35]
object(SimpleXMLElement)#3 (1) {
  ["QBXMLMsgsRq"]=>
  object(SimpleXMLElement)#4 (2) {
    ["@attributes"]=>
    array(1) {
      ["onError"]=>
      string(11) "stopOnError"
    }
    ["InvoiceAddRq"]=>
    object(SimpleXMLElement)#5 (1) {
      [0]=>
      string(1) "
"
    }
  }
}


 ==============================================
[11 / 03 / 2015 16:38:37]
object(SimpleXMLElement)#3 (1) {
  ["QBXMLMsgsRq"]=>
  object(SimpleXMLElement)#4 (2) {
    ["@attributes"]=>
    array(1) {
      ["onError"]=>
      string(11) "stopOnError"
    }
    ["InvoiceAddRq"]=>
    object(SimpleXMLElement)#5 (1) {
      [0]=>
      string(1) "
"
    }
  }
}


 ==============================================
[11 / 03 / 2015 16:38:37]
object(SimpleXMLElement)#3 (1) {
  ["QBXMLMsgsRq"]=>
  object(SimpleXMLElement)#4 (2) {
    ["@attributes"]=>
    array(1) {
      ["onError"]=>
      string(11) "stopOnError"
    }
    ["InvoiceAddRq"]=>
    object(SimpleXMLElement)#5 (1) {
      [0]=>
      string(1) "
"
    }
  }
}


 ==============================================
[11 / 03 / 2015 16:38:38]
object(SimpleXMLElement)#3 (1) {
  ["QBXMLMsgsRq"]=>
  object(SimpleXMLElement)#4 (2) {
    ["@attributes"]=>
    array(1) {
      ["onError"]=>
      string(11) "stopOnError"
    }
    ["InvoiceAddRq"]=>
    object(SimpleXMLElement)#5 (1) {
      [0]=>
      string(1) "
"
    }
  }
}

